# JRE version: OpenJDK Runtime Environment (8.0) (build 1.8.0-adoptopenjdk-_2018_05_19_00_59-b00)
# Java VM: OpenJDK 64-Bit Server VM (25.71-b00 mixed mode windows-amd64 compressed oops)
Heap:
 PSYoungGen      total 75776K, used 37660K [0x000000076b800000, 0x0000000770c80000, 0x00000007c0000000)
  eden space 65024K, 57% used [0x000000076b800000,0x000000076dcc70d0,0x000000076f780000)
  from space 10752K, 0% used [0x000000076f780000,0x000000076f780000,0x0000000770200000)
  to   space 10752K, 0% used [0x0000000770200000,0x0000000770200000,0x0000000770c80000)
 ParOldGen       total 122880K, used 3276K [0x00000006c2800000, 0x00000006ca000000, 0x000000076b800000)
  object space 122880K, 2% used [0x00000006c2800000,0x00000006c2b332a0,0x00000006ca000000)
 Metaspace       used 17192K, capacity 17634K, committed 17792K, reserved 1064960K
  class space    used 1987K, capacity 2103K, committed 2176K, reserved 1048576K
GC Heap History (4 events):
Event: 1.327 GC heap before
{Heap before GC invocations=1 (full 0):
 PSYoungGen      total 75776K, used 18228K [0x000000076b800000, 0x0000000770c80000, 0x00000007c0000000)
  eden space 65024K, 28% used [0x000000076b800000,0x000000076c9cd390,0x000000076f780000)
  from space 10752K, 0% used [0x0000000770200000,0x0000000770200000,0x0000000770c80000)
  to   space 10752K, 0% used [0x000000076f780000,0x000000076f780000,0x0000000770200000)
 ParOldGen       total 173568K, used 0K [0x00000006c2800000, 0x00000006cd180000, 0x000000076b800000)
  object space 173568K, 0% used [0x00000006c2800000,0x00000006c2800000,0x00000006cd180000)
 Metaspace       used 11390K, capacity 11622K, committed 11776K, reserved 1062912K
  class space    used 1386K, capacity 1469K, committed 1536K, reserved 1048576K
Event: 1.330 GC heap after
Heap after GC invocations=1 (full 0):
 PSYoungGen      total 75776K, used 3405K [0x000000076b800000, 0x0000000770c80000, 0x00000007c0000000)
  eden space 65024K, 0% used [0x000000076b800000,0x000000076b800000,0x000000076f780000)
  from space 10752K, 31% used [0x000000076f780000,0x000000076fad3528,0x0000000770200000)
  to   space 10752K, 0% used [0x0000000770200000,0x0000000770200000,0x0000000770c80000)
 ParOldGen       total 173568K, used 80K [0x00000006c2800000, 0x00000006cd180000, 0x000000076b800000)
  object space 173568K, 0% used [0x00000006c2800000,0x00000006c2814010,0x00000006cd180000)
 Metaspace       used 11390K, capacity 11622K, committed 11776K, reserved 1062912K
  class space    used 1386K, capacity 1469K, committed 1536K, reserved 1048576K
}
Event: 1.330 GC heap before
{Heap before GC invocations=2 (full 1):
 PSYoungGen      total 75776K, used 3405K [0x000000076b800000, 0x0000000770c80000, 0x00000007c0000000)
  eden space 65024K, 0% used [0x000000076b800000,0x000000076b800000,0x000000076f780000)
  from space 10752K, 31% used [0x000000076f780000,0x000000076fad3528,0x0000000770200000)
  to   space 10752K, 0% used [0x0000000770200000,0x0000000770200000,0x0000000770c80000)
 ParOldGen       total 173568K, used 80K [0x00000006c2800000, 0x00000006cd180000, 0x000000076b800000)
  object space 173568K, 0% used [0x00000006c2800000,0x00000006c2814010,0x00000006cd180000)
 Metaspace       used 11390K, capacity 11622K, committed 11776K, reserved 1062912K
  class space    used 1386K, capacity 1469K, committed 1536K, reserved 1048576K
Event: 1.342 GC heap after
Heap after GC invocations=2 (full 1):
 PSYoungGen      total 75776K, used 0K [0x000000076b800000, 0x0000000770c80000, 0x00000007c0000000)
  eden space 65024K, 0% used [0x000000076b800000,0x000000076b800000,0x000000076f780000)
  from space 10752K, 0% used [0x000000076f780000,0x000000076f780000,0x0000000770200000)
  to   space 10752K, 0% used [0x0000000770200000,0x0000000770200000,0x0000000770c80000)
 ParOldGen       total 122880K, used 3276K [0x00000006c2800000, 0x00000006ca000000, 0x000000076b800000)
  object space 122880K, 2% used [0x00000006c2800000,0x00000006c2b332a0,0x00000006ca000000)
 Metaspace       used 11390K, capacity 11622K, committed 11776K, reserved 1060864K
  class space    used 1386K, capacity 1469K, committed 1536K, reserved 1048576K
}

